11-30 11:06:09 com_github_MitjaNemec_Archive3DModels.action_archive_3d_models 210:Plugin executed on: 'win32'
11-30 11:06:09 com_github_MitjaNemec_Archive3DModels.action_archive_3d_models 211:Plugin executed with python version: '3.9.10 (main, Jun 24 2022, 05:34:59) [MSC v.1932 64 bit (AMD64)]'
11-30 11:06:09 com_github_MitjaNemec_Archive3DModels.action_archive_3d_models 212:KiCad build version: (6.0.6)
11-30 11:06:09 com_github_MitjaNemec_Archive3DModels.action_archive_3d_models 213:Plugin version: 1.0.3

11-30 11:06:11 com_github_MitjaNemec_Archive3DModels.archive_3d_models 13:Starting to archive 3D models
11-30 11:06:11 com_github_MitjaNemec_Archive3DModels.archive_3d_models 34:Getting 3D models for footprint of: D4
11-30 11:06:11 com_github_MitjaNemec_Archive3DModels.archive_3d_models 45:Trying to copy: ${KICAD6_3DMODEL_DIR}/Diode_SMD.3dshapes/D_SMB.wrl
11-30 11:06:11 com_github_MitjaNemec_Archive3DModels.archive_3d_models 105:Remapping: ${KICAD6_3DMODEL_DIR}/Diode_SMD.3dshapes/D_SMB.wrl
11-30 11:06:11 com_github_MitjaNemec_Archive3DModels.archive_3d_models 34:Getting 3D models for footprint of: LS1
11-30 11:06:11 com_github_MitjaNemec_Archive3DModels.archive_3d_models 45:Trying to copy: ${KIPRJMOD}/library/3dmodels/Buzzer.3dshapes/KPEG228.step
11-30 11:06:11 com_github_MitjaNemec_Archive3DModels.archive_3d_models 105:Remapping: ${KIPRJMOD}/library/3dmodels/Buzzer.3dshapes/KPEG228.step
11-30 11:06:11 com_github_MitjaNemec_Archive3DModels.archive_3d_models 34:Getting 3D models for footprint of: SW2
11-30 11:06:11 com_github_MitjaNemec_Archive3DModels.archive_3d_models 45:Trying to copy: ${KIPRJMOD}/library/3dmodels/Custom.3dshapes/12mm x 12mm Tactile switch Button.step
11-30 11:06:11 com_github_MitjaNemec_Archive3DModels.archive_3d_models 105:Remapping: ${KIPRJMOD}/library/3dmodels/Custom.3dshapes/12mm x 12mm Tactile switch Button.step
11-30 11:06:11 com_github_MitjaNemec_Archive3DModels.archive_3d_models 34:Getting 3D models for footprint of: R8
11-30 11:06:11 com_github_MitjaNemec_Archive3DModels.archive_3d_models 45:Trying to copy: ${KICAD6_3DMODEL_DIR}/Resistor_SMD.3dshapes/R_0603_1608Metric.wrl
11-30 11:06:11 com_github_MitjaNemec_Archive3DModels.archive_3d_models 105:Remapping: ${KICAD6_3DMODEL_DIR}/Resistor_SMD.3dshapes/R_0603_1608Metric.wrl
11-30 11:06:11 com_github_MitjaNemec_Archive3DModels.archive_3d_models 34:Getting 3D models for footprint of: C9
11-30 11:06:11 com_github_MitjaNemec_Archive3DModels.archive_3d_models 45:Trying to copy: ${KICAD6_3DMODEL_DIR}/Capacitor_SMD.3dshapes/C_0603_1608Metric.wrl
11-30 11:06:11 com_github_MitjaNemec_Archive3DModels.archive_3d_models 105:Remapping: ${KICAD6_3DMODEL_DIR}/Capacitor_SMD.3dshapes/C_0603_1608Metric.wrl
11-30 11:06:11 com_github_MitjaNemec_Archive3DModels.archive_3d_models 34:Getting 3D models for footprint of: R15
11-30 11:06:11 com_github_MitjaNemec_Archive3DModels.archive_3d_models 45:Trying to copy: ${KICAD6_3DMODEL_DIR}/Resistor_SMD.3dshapes/R_0603_1608Metric.wrl
11-30 11:06:11 com_github_MitjaNemec_Archive3DModels.archive_3d_models 105:Remapping: ${KICAD6_3DMODEL_DIR}/Resistor_SMD.3dshapes/R_0603_1608Metric.wrl
11-30 11:06:11 com_github_MitjaNemec_Archive3DModels.archive_3d_models 34:Getting 3D models for footprint of: U1
11-30 11:06:11 com_github_MitjaNemec_Archive3DModels.archive_3d_models 45:Trying to copy: ${KICAD6_3DMODEL_DIR}/Package_QFP.3dshapes/LQFP-48_7x7mm_P0.5mm.wrl
11-30 11:06:11 com_github_MitjaNemec_Archive3DModels.archive_3d_models 105:Remapping: ${KICAD6_3DMODEL_DIR}/Package_QFP.3dshapes/LQFP-48_7x7mm_P0.5mm.wrl
11-30 11:06:11 com_github_MitjaNemec_Archive3DModels.archive_3d_models 34:Getting 3D models for footprint of: J2
11-30 11:06:11 com_github_MitjaNemec_Archive3DModels.archive_3d_models 45:Trying to copy: ${KICAD6_3DMODEL_DIR}/Connector_PinHeader_2.54mm.3dshapes/PinHeader_1x02_P2.54mm_Vertical.wrl
11-30 11:06:11 com_github_MitjaNemec_Archive3DModels.archive_3d_models 105:Remapping: ${KICAD6_3DMODEL_DIR}/Connector_PinHeader_2.54mm.3dshapes/PinHeader_1x02_P2.54mm_Vertical.wrl
11-30 11:06:11 com_github_MitjaNemec_Archive3DModels.archive_3d_models 34:Getting 3D models for footprint of: C6
11-30 11:06:11 com_github_MitjaNemec_Archive3DModels.archive_3d_models 45:Trying to copy: ${KICAD6_3DMODEL_DIR}/Capacitor_SMD.3dshapes/CP_Elec_6.3x7.7.wrl
11-30 11:06:11 com_github_MitjaNemec_Archive3DModels.archive_3d_models 105:Remapping: ${KICAD6_3DMODEL_DIR}/Capacitor_SMD.3dshapes/CP_Elec_6.3x7.7.wrl
11-30 11:06:11 com_github_MitjaNemec_Archive3DModels.archive_3d_models 34:Getting 3D models for footprint of: C13
11-30 11:06:11 com_github_MitjaNemec_Archive3DModels.archive_3d_models 45:Trying to copy: ${KICAD6_3DMODEL_DIR}/Capacitor_SMD.3dshapes/C_0603_1608Metric.wrl
11-30 11:06:11 com_github_MitjaNemec_Archive3DModels.archive_3d_models 105:Remapping: ${KICAD6_3DMODEL_DIR}/Capacitor_SMD.3dshapes/C_0603_1608Metric.wrl
11-30 11:06:11 com_github_MitjaNemec_Archive3DModels.archive_3d_models 34:Getting 3D models for footprint of: R20
11-30 11:06:11 com_github_MitjaNemec_Archive3DModels.archive_3d_models 45:Trying to copy: ${KICAD6_3DMODEL_DIR}/Resistor_SMD.3dshapes/R_0603_1608Metric.wrl
11-30 11:06:11 com_github_MitjaNemec_Archive3DModels.archive_3d_models 105:Remapping: ${KICAD6_3DMODEL_DIR}/Resistor_SMD.3dshapes/R_0603_1608Metric.wrl
11-30 11:06:11 com_github_MitjaNemec_Archive3DModels.archive_3d_models 34:Getting 3D models for footprint of: C19
11-30 11:06:11 com_github_MitjaNemec_Archive3DModels.archive_3d_models 45:Trying to copy: ${KICAD6_3DMODEL_DIR}/Capacitor_SMD.3dshapes/CP_Elec_6.3x7.7.wrl
11-30 11:06:11 com_github_MitjaNemec_Archive3DModels.archive_3d_models 105:Remapping: ${KICAD6_3DMODEL_DIR}/Capacitor_SMD.3dshapes/CP_Elec_6.3x7.7.wrl
11-30 11:06:11 com_github_MitjaNemec_Archive3DModels.archive_3d_models 34:Getting 3D models for footprint of: H1
11-30 11:06:11 com_github_MitjaNemec_Archive3DModels.archive_3d_models 34:Getting 3D models for footprint of: R14
11-30 11:06:11 com_github_MitjaNemec_Archive3DModels.archive_3d_models 45:Trying to copy: ${KICAD6_3DMODEL_DIR}/Resistor_SMD.3dshapes/R_0603_1608Metric.wrl
11-30 11:06:11 com_github_MitjaNemec_Archive3DModels.archive_3d_models 105:Remapping: ${KICAD6_3DMODEL_DIR}/Resistor_SMD.3dshapes/R_0603_1608Metric.wrl
11-30 11:06:11 com_github_MitjaNemec_Archive3DModels.archive_3d_models 34:Getting 3D models for footprint of: R5
11-30 11:06:11 com_github_MitjaNemec_Archive3DModels.archive_3d_models 45:Trying to copy: ${KICAD6_3DMODEL_DIR}/Resistor_SMD.3dshapes/R_0603_1608Metric.wrl
11-30 11:06:11 com_github_MitjaNemec_Archive3DModels.archive_3d_models 105:Remapping: ${KICAD6_3DMODEL_DIR}/Resistor_SMD.3dshapes/R_0603_1608Metric.wrl
11-30 11:06:11 com_github_MitjaNemec_Archive3DModels.archive_3d_models 34:Getting 3D models for footprint of: D2
11-30 11:06:11 com_github_MitjaNemec_Archive3DModels.archive_3d_models 45:Trying to copy: ${KICAD6_3DMODEL_DIR}/LED_SMD.3dshapes/LED_1206_3216Metric.wrl
11-30 11:06:11 com_github_MitjaNemec_Archive3DModels.archive_3d_models 105:Remapping: ${KICAD6_3DMODEL_DIR}/LED_SMD.3dshapes/LED_1206_3216Metric.wrl
11-30 11:06:11 com_github_MitjaNemec_Archive3DModels.archive_3d_models 34:Getting 3D models for footprint of: J1
11-30 11:06:11 com_github_MitjaNemec_Archive3DModels.archive_3d_models 45:Trying to copy: ${KICAD6_3DMODEL_DIR}/Connector_Phoenix_MC.3dshapes/PhoenixContact_MC_1,5_4-G-3.81_1x04_P3.81mm_Horizontal.wrl
11-30 11:06:11 com_github_MitjaNemec_Archive3DModels.archive_3d_models 105:Remapping: ${KICAD6_3DMODEL_DIR}/Connector_Phoenix_MC.3dshapes/PhoenixContact_MC_1,5_4-G-3.81_1x04_P3.81mm_Horizontal.wrl
11-30 11:06:11 com_github_MitjaNemec_Archive3DModels.archive_3d_models 34:Getting 3D models for footprint of: C3
11-30 11:06:11 com_github_MitjaNemec_Archive3DModels.archive_3d_models 45:Trying to copy: ${KICAD6_3DMODEL_DIR}/Capacitor_SMD.3dshapes/C_0603_1608Metric.wrl
11-30 11:06:11 com_github_MitjaNemec_Archive3DModels.archive_3d_models 105:Remapping: ${KICAD6_3DMODEL_DIR}/Capacitor_SMD.3dshapes/C_0603_1608Metric.wrl
11-30 11:06:11 com_github_MitjaNemec_Archive3DModels.archive_3d_models 34:Getting 3D models for footprint of: C1
11-30 11:06:11 com_github_MitjaNemec_Archive3DModels.archive_3d_models 45:Trying to copy: ${KICAD6_3DMODEL_DIR}/Capacitor_SMD.3dshapes/C_0603_1608Metric.wrl
11-30 11:06:11 com_github_MitjaNemec_Archive3DModels.archive_3d_models 105:Remapping: ${KICAD6_3DMODEL_DIR}/Capacitor_SMD.3dshapes/C_0603_1608Metric.wrl
11-30 11:06:11 com_github_MitjaNemec_Archive3DModels.archive_3d_models 34:Getting 3D models for footprint of: C5
11-30 11:06:11 com_github_MitjaNemec_Archive3DModels.archive_3d_models 45:Trying to copy: ${KICAD6_3DMODEL_DIR}/Capacitor_SMD.3dshapes/C_0603_1608Metric.wrl
11-30 11:06:11 com_github_MitjaNemec_Archive3DModels.archive_3d_models 105:Remapping: ${KICAD6_3DMODEL_DIR}/Capacitor_SMD.3dshapes/C_0603_1608Metric.wrl
11-30 11:06:11 com_github_MitjaNemec_Archive3DModels.archive_3d_models 34:Getting 3D models for footprint of: C16
11-30 11:06:11 com_github_MitjaNemec_Archive3DModels.archive_3d_models 45:Trying to copy: ${KICAD6_3DMODEL_DIR}/Capacitor_SMD.3dshapes/CP_Elec_10x10.5.wrl
11-30 11:06:11 com_github_MitjaNemec_Archive3DModels.archive_3d_models 105:Remapping: ${KICAD6_3DMODEL_DIR}/Capacitor_SMD.3dshapes/CP_Elec_10x10.5.wrl
11-30 11:06:11 com_github_MitjaNemec_Archive3DModels.archive_3d_models 34:Getting 3D models for footprint of: D3
11-30 11:06:11 com_github_MitjaNemec_Archive3DModels.archive_3d_models 45:Trying to copy: ${KICAD6_3DMODEL_DIR}/Diode_THT.3dshapes/D_DO-35_SOD27_P7.62mm_Horizontal.wrl
11-30 11:06:11 com_github_MitjaNemec_Archive3DModels.archive_3d_models 105:Remapping: ${KICAD6_3DMODEL_DIR}/Diode_THT.3dshapes/D_DO-35_SOD27_P7.62mm_Horizontal.wrl
11-30 11:06:11 com_github_MitjaNemec_Archive3DModels.archive_3d_models 34:Getting 3D models for footprint of: R17
11-30 11:06:11 com_github_MitjaNemec_Archive3DModels.archive_3d_models 45:Trying to copy: ${KICAD6_3DMODEL_DIR}/Resistor_SMD.3dshapes/R_0603_1608Metric.wrl
11-30 11:06:11 com_github_MitjaNemec_Archive3DModels.archive_3d_models 105:Remapping: ${KICAD6_3DMODEL_DIR}/Resistor_SMD.3dshapes/R_0603_1608Metric.wrl
11-30 11:06:11 com_github_MitjaNemec_Archive3DModels.archive_3d_models 34:Getting 3D models for footprint of: H6
11-30 11:06:11 com_github_MitjaNemec_Archive3DModels.archive_3d_models 34:Getting 3D models for footprint of: SW1
11-30 11:06:11 com_github_MitjaNemec_Archive3DModels.archive_3d_models 45:Trying to copy: ${KIPRJMOD}/library/3dmodels/Custom.3dshapes/12mm x 12mm Tactile switch Button.step
11-30 11:06:11 com_github_MitjaNemec_Archive3DModels.archive_3d_models 105:Remapping: ${KIPRJMOD}/library/3dmodels/Custom.3dshapes/12mm x 12mm Tactile switch Button.step
11-30 11:06:11 com_github_MitjaNemec_Archive3DModels.archive_3d_models 34:Getting 3D models for footprint of: R2
11-30 11:06:11 com_github_MitjaNemec_Archive3DModels.archive_3d_models 45:Trying to copy: ${KICAD6_3DMODEL_DIR}/Resistor_SMD.3dshapes/R_0603_1608Metric.wrl
11-30 11:06:11 com_github_MitjaNemec_Archive3DModels.archive_3d_models 105:Remapping: ${KICAD6_3DMODEL_DIR}/Resistor_SMD.3dshapes/R_0603_1608Metric.wrl
11-30 11:06:11 com_github_MitjaNemec_Archive3DModels.archive_3d_models 34:Getting 3D models for footprint of: U2
11-30 11:06:11 com_github_MitjaNemec_Archive3DModels.archive_3d_models 45:Trying to copy: ${KICAD6_3DMODEL_DIR}/Package_DIP.3dshapes/DIP-6_W7.62mm.wrl
11-30 11:06:11 com_github_MitjaNemec_Archive3DModels.archive_3d_models 105:Remapping: ${KICAD6_3DMODEL_DIR}/Package_DIP.3dshapes/DIP-6_W7.62mm.wrl
11-30 11:06:11 com_github_MitjaNemec_Archive3DModels.archive_3d_models 34:Getting 3D models for footprint of: H4
11-30 11:06:11 com_github_MitjaNemec_Archive3DModels.archive_3d_models 34:Getting 3D models for footprint of: J4
11-30 11:06:11 com_github_MitjaNemec_Archive3DModels.archive_3d_models 45:Trying to copy: ${KICAD6_3DMODEL_DIR}/Connector_JST.3dshapes/JST_EH_B13B-EH-A_1x13_P2.50mm_Vertical.wrl
11-30 11:06:11 com_github_MitjaNemec_Archive3DModels.archive_3d_models 105:Remapping: ${KICAD6_3DMODEL_DIR}/Connector_JST.3dshapes/JST_EH_B13B-EH-A_1x13_P2.50mm_Vertical.wrl
11-30 11:06:11 com_github_MitjaNemec_Archive3DModels.archive_3d_models 34:Getting 3D models for footprint of: R16
11-30 11:06:11 com_github_MitjaNemec_Archive3DModels.archive_3d_models 45:Trying to copy: ${KICAD6_3DMODEL_DIR}/Resistor_SMD.3dshapes/R_0603_1608Metric.wrl
11-30 11:06:11 com_github_MitjaNemec_Archive3DModels.archive_3d_models 105:Remapping: ${KICAD6_3DMODEL_DIR}/Resistor_SMD.3dshapes/R_0603_1608Metric.wrl
11-30 11:06:11 com_github_MitjaNemec_Archive3DModels.archive_3d_models 34:Getting 3D models for footprint of: U5
11-30 11:06:11 com_github_MitjaNemec_Archive3DModels.archive_3d_models 34:Getting 3D models for footprint of: R24
11-30 11:06:11 com_github_MitjaNemec_Archive3DModels.archive_3d_models 45:Trying to copy: ${KICAD6_3DMODEL_DIR}/Resistor_SMD.3dshapes/R_0603_1608Metric.wrl
11-30 11:06:11 com_github_MitjaNemec_Archive3DModels.archive_3d_models 105:Remapping: ${KICAD6_3DMODEL_DIR}/Resistor_SMD.3dshapes/R_0603_1608Metric.wrl
11-30 11:06:11 com_github_MitjaNemec_Archive3DModels.archive_3d_models 34:Getting 3D models for footprint of: C2
11-30 11:06:11 com_github_MitjaNemec_Archive3DModels.archive_3d_models 45:Trying to copy: ${KICAD6_3DMODEL_DIR}/Capacitor_SMD.3dshapes/C_0603_1608Metric.wrl
11-30 11:06:11 com_github_MitjaNemec_Archive3DModels.archive_3d_models 105:Remapping: ${KICAD6_3DMODEL_DIR}/Capacitor_SMD.3dshapes/C_0603_1608Metric.wrl
11-30 11:06:11 com_github_MitjaNemec_Archive3DModels.archive_3d_models 34:Getting 3D models for footprint of: H5
11-30 11:06:11 com_github_MitjaNemec_Archive3DModels.archive_3d_models 34:Getting 3D models for footprint of: R9
11-30 11:06:11 com_github_MitjaNemec_Archive3DModels.archive_3d_models 45:Trying to copy: ${KICAD6_3DMODEL_DIR}/Resistor_SMD.3dshapes/R_0603_1608Metric.wrl
11-30 11:06:11 com_github_MitjaNemec_Archive3DModels.archive_3d_models 105:Remapping: ${KICAD6_3DMODEL_DIR}/Resistor_SMD.3dshapes/R_0603_1608Metric.wrl
11-30 11:06:11 com_github_MitjaNemec_Archive3DModels.archive_3d_models 34:Getting 3D models for footprint of: C15
11-30 11:06:11 com_github_MitjaNemec_Archive3DModels.archive_3d_models 45:Trying to copy: ${KICAD6_3DMODEL_DIR}/Capacitor_SMD.3dshapes/CP_Elec_6.3x7.7.wrl
11-30 11:06:11 com_github_MitjaNemec_Archive3DModels.archive_3d_models 105:Remapping: ${KICAD6_3DMODEL_DIR}/Capacitor_SMD.3dshapes/CP_Elec_6.3x7.7.wrl
11-30 11:06:11 com_github_MitjaNemec_Archive3DModels.archive_3d_models 34:Getting 3D models for footprint of: C7
11-30 11:06:11 com_github_MitjaNemec_Archive3DModels.archive_3d_models 45:Trying to copy: ${KICAD6_3DMODEL_DIR}/Capacitor_SMD.3dshapes/C_0603_1608Metric.wrl
11-30 11:06:11 com_github_MitjaNemec_Archive3DModels.archive_3d_models 105:Remapping: ${KICAD6_3DMODEL_DIR}/Capacitor_SMD.3dshapes/C_0603_1608Metric.wrl
11-30 11:06:11 com_github_MitjaNemec_Archive3DModels.archive_3d_models 34:Getting 3D models for footprint of: C14
11-30 11:06:11 com_github_MitjaNemec_Archive3DModels.archive_3d_models 45:Trying to copy: ${KICAD6_3DMODEL_DIR}/Capacitor_SMD.3dshapes/C_0603_1608Metric.wrl
11-30 11:06:11 com_github_MitjaNemec_Archive3DModels.archive_3d_models 105:Remapping: ${KICAD6_3DMODEL_DIR}/Capacitor_SMD.3dshapes/C_0603_1608Metric.wrl
11-30 11:06:11 com_github_MitjaNemec_Archive3DModels.archive_3d_models 34:Getting 3D models for footprint of: R12
11-30 11:06:11 com_github_MitjaNemec_Archive3DModels.archive_3d_models 45:Trying to copy: ${KICAD6_3DMODEL_DIR}/Resistor_SMD.3dshapes/R_0603_1608Metric.wrl
11-30 11:06:11 com_github_MitjaNemec_Archive3DModels.archive_3d_models 105:Remapping: ${KICAD6_3DMODEL_DIR}/Resistor_SMD.3dshapes/R_0603_1608Metric.wrl
11-30 11:06:11 com_github_MitjaNemec_Archive3DModels.archive_3d_models 34:Getting 3D models for footprint of: H2
11-30 11:06:11 com_github_MitjaNemec_Archive3DModels.archive_3d_models 34:Getting 3D models for footprint of: R21
11-30 11:06:11 com_github_MitjaNemec_Archive3DModels.archive_3d_models 45:Trying to copy: ${KICAD6_3DMODEL_DIR}/Resistor_SMD.3dshapes/R_0603_1608Metric.wrl
11-30 11:06:11 com_github_MitjaNemec_Archive3DModels.archive_3d_models 105:Remapping: ${KICAD6_3DMODEL_DIR}/Resistor_SMD.3dshapes/R_0603_1608Metric.wrl
11-30 11:06:11 com_github_MitjaNemec_Archive3DModels.archive_3d_models 34:Getting 3D models for footprint of: Q1
11-30 11:06:11 com_github_MitjaNemec_Archive3DModels.archive_3d_models 45:Trying to copy: ${KICAD6_3DMODEL_DIR}/Package_TO_SOT_SMD.3dshapes/SOT-23.wrl
11-30 11:06:11 com_github_MitjaNemec_Archive3DModels.archive_3d_models 105:Remapping: ${KICAD6_3DMODEL_DIR}/Package_TO_SOT_SMD.3dshapes/SOT-23.wrl
11-30 11:06:11 com_github_MitjaNemec_Archive3DModels.archive_3d_models 34:Getting 3D models for footprint of: Y2
11-30 11:06:11 com_github_MitjaNemec_Archive3DModels.archive_3d_models 45:Trying to copy: ${KICAD6_3DMODEL_DIR}/Crystal.3dshapes/Crystal_C38-LF_D3.0mm_L8.0mm_Vertical.wrl
11-30 11:06:11 com_github_MitjaNemec_Archive3DModels.archive_3d_models 105:Remapping: ${KICAD6_3DMODEL_DIR}/Crystal.3dshapes/Crystal_C38-LF_D3.0mm_L8.0mm_Vertical.wrl
11-30 11:06:11 com_github_MitjaNemec_Archive3DModels.archive_3d_models 34:Getting 3D models for footprint of: R4
11-30 11:06:11 com_github_MitjaNemec_Archive3DModels.archive_3d_models 45:Trying to copy: ${KICAD6_3DMODEL_DIR}/Resistor_SMD.3dshapes/R_0603_1608Metric.wrl
11-30 11:06:11 com_github_MitjaNemec_Archive3DModels.archive_3d_models 105:Remapping: ${KICAD6_3DMODEL_DIR}/Resistor_SMD.3dshapes/R_0603_1608Metric.wrl
11-30 11:06:11 com_github_MitjaNemec_Archive3DModels.archive_3d_models 34:Getting 3D models for footprint of: Y1
11-30 11:06:11 com_github_MitjaNemec_Archive3DModels.archive_3d_models 45:Trying to copy: ${KICAD6_3DMODEL_DIR}/Crystal.3dshapes/Crystal_SMD_HC49-SD.wrl
11-30 11:06:11 com_github_MitjaNemec_Archive3DModels.archive_3d_models 105:Remapping: ${KICAD6_3DMODEL_DIR}/Crystal.3dshapes/Crystal_SMD_HC49-SD.wrl
11-30 11:06:11 com_github_MitjaNemec_Archive3DModels.archive_3d_models 34:Getting 3D models for footprint of: R23
11-30 11:06:11 com_github_MitjaNemec_Archive3DModels.archive_3d_models 45:Trying to copy: ${KICAD6_3DMODEL_DIR}/Resistor_SMD.3dshapes/R_0603_1608Metric.wrl
11-30 11:06:11 com_github_MitjaNemec_Archive3DModels.archive_3d_models 105:Remapping: ${KICAD6_3DMODEL_DIR}/Resistor_SMD.3dshapes/R_0603_1608Metric.wrl
11-30 11:06:11 com_github_MitjaNemec_Archive3DModels.archive_3d_models 34:Getting 3D models for footprint of: C11
11-30 11:06:11 com_github_MitjaNemec_Archive3DModels.archive_3d_models 45:Trying to copy: ${KICAD6_3DMODEL_DIR}/Capacitor_SMD.3dshapes/CP_Elec_6.3x7.7.wrl
11-30 11:06:11 com_github_MitjaNemec_Archive3DModels.archive_3d_models 105:Remapping: ${KICAD6_3DMODEL_DIR}/Capacitor_SMD.3dshapes/CP_Elec_6.3x7.7.wrl
11-30 11:06:11 com_github_MitjaNemec_Archive3DModels.archive_3d_models 34:Getting 3D models for footprint of: C18
11-30 11:06:11 com_github_MitjaNemec_Archive3DModels.archive_3d_models 45:Trying to copy: ${KICAD6_3DMODEL_DIR}/Capacitor_SMD.3dshapes/C_0603_1608Metric.wrl
11-30 11:06:11 com_github_MitjaNemec_Archive3DModels.archive_3d_models 105:Remapping: ${KICAD6_3DMODEL_DIR}/Capacitor_SMD.3dshapes/C_0603_1608Metric.wrl
11-30 11:06:11 com_github_MitjaNemec_Archive3DModels.archive_3d_models 34:Getting 3D models for footprint of: U3
11-30 11:06:11 com_github_MitjaNemec_Archive3DModels.archive_3d_models 45:Trying to copy: ${KICAD6_3DMODEL_DIR}/Display_7Segment.3dshapes/HDSP-7401.wrl
11-30 11:06:12 com_github_MitjaNemec_Archive3DModels.archive_3d_models 105:Remapping: ${KICAD6_3DMODEL_DIR}/Display_7Segment.3dshapes/HDSP-7401.wrl
11-30 11:06:12 com_github_MitjaNemec_Archive3DModels.archive_3d_models 34:Getting 3D models for footprint of: R3
11-30 11:06:12 com_github_MitjaNemec_Archive3DModels.archive_3d_models 45:Trying to copy: ${KICAD6_3DMODEL_DIR}/Resistor_SMD.3dshapes/R_0603_1608Metric.wrl
11-30 11:06:12 com_github_MitjaNemec_Archive3DModels.archive_3d_models 105:Remapping: ${KICAD6_3DMODEL_DIR}/Resistor_SMD.3dshapes/R_0603_1608Metric.wrl
11-30 11:06:12 com_github_MitjaNemec_Archive3DModels.archive_3d_models 34:Getting 3D models for footprint of: R1
11-30 11:06:12 com_github_MitjaNemec_Archive3DModels.archive_3d_models 45:Trying to copy: ${KICAD6_3DMODEL_DIR}/Resistor_SMD.3dshapes/R_0603_1608Metric.wrl
11-30 11:06:12 com_github_MitjaNemec_Archive3DModels.archive_3d_models 105:Remapping: ${KICAD6_3DMODEL_DIR}/Resistor_SMD.3dshapes/R_0603_1608Metric.wrl
11-30 11:06:12 com_github_MitjaNemec_Archive3DModels.archive_3d_models 34:Getting 3D models for footprint of: R7
11-30 11:06:12 com_github_MitjaNemec_Archive3DModels.archive_3d_models 45:Trying to copy: ${KICAD6_3DMODEL_DIR}/Resistor_SMD.3dshapes/R_0603_1608Metric.wrl
11-30 11:06:12 com_github_MitjaNemec_Archive3DModels.archive_3d_models 105:Remapping: ${KICAD6_3DMODEL_DIR}/Resistor_SMD.3dshapes/R_0603_1608Metric.wrl
11-30 11:06:12 com_github_MitjaNemec_Archive3DModels.archive_3d_models 34:Getting 3D models for footprint of: SW3
11-30 11:06:12 com_github_MitjaNemec_Archive3DModels.archive_3d_models 45:Trying to copy: ${KIPRJMOD}/library/3dmodels/Custom.3dshapes/12mm x 12mm Tactile switch Button.step
11-30 11:06:12 com_github_MitjaNemec_Archive3DModels.archive_3d_models 105:Remapping: ${KIPRJMOD}/library/3dmodels/Custom.3dshapes/12mm x 12mm Tactile switch Button.step
11-30 11:06:12 com_github_MitjaNemec_Archive3DModels.archive_3d_models 34:Getting 3D models for footprint of: H3
11-30 11:06:12 com_github_MitjaNemec_Archive3DModels.archive_3d_models 34:Getting 3D models for footprint of: J3
11-30 11:06:12 com_github_MitjaNemec_Archive3DModels.archive_3d_models 45:Trying to copy: ${KICAD6_3DMODEL_DIR}/Connector_PinHeader_2.54mm.3dshapes/PinHeader_1x04_P2.54mm_Vertical.wrl
11-30 11:06:12 com_github_MitjaNemec_Archive3DModels.archive_3d_models 105:Remapping: ${KICAD6_3DMODEL_DIR}/Connector_PinHeader_2.54mm.3dshapes/PinHeader_1x04_P2.54mm_Vertical.wrl
11-30 11:06:12 com_github_MitjaNemec_Archive3DModels.archive_3d_models 34:Getting 3D models for footprint of: C20
11-30 11:06:12 com_github_MitjaNemec_Archive3DModels.archive_3d_models 45:Trying to copy: ${KICAD6_3DMODEL_DIR}/Capacitor_SMD.3dshapes/CP_Elec_10x10.5.wrl
11-30 11:06:12 com_github_MitjaNemec_Archive3DModels.archive_3d_models 105:Remapping: ${KICAD6_3DMODEL_DIR}/Capacitor_SMD.3dshapes/CP_Elec_10x10.5.wrl
11-30 11:06:12 com_github_MitjaNemec_Archive3DModels.archive_3d_models 34:Getting 3D models for footprint of: C8
11-30 11:06:12 com_github_MitjaNemec_Archive3DModels.archive_3d_models 45:Trying to copy: ${KICAD6_3DMODEL_DIR}/Capacitor_SMD.3dshapes/C_0603_1608Metric.wrl
11-30 11:06:12 com_github_MitjaNemec_Archive3DModels.archive_3d_models 105:Remapping: ${KICAD6_3DMODEL_DIR}/Capacitor_SMD.3dshapes/C_0603_1608Metric.wrl
11-30 11:06:12 com_github_MitjaNemec_Archive3DModels.archive_3d_models 34:Getting 3D models for footprint of: C17
11-30 11:06:12 com_github_MitjaNemec_Archive3DModels.archive_3d_models 45:Trying to copy: ${KICAD6_3DMODEL_DIR}/Capacitor_SMD.3dshapes/C_0603_1608Metric.wrl
11-30 11:06:12 com_github_MitjaNemec_Archive3DModels.archive_3d_models 105:Remapping: ${KICAD6_3DMODEL_DIR}/Capacitor_SMD.3dshapes/C_0603_1608Metric.wrl
11-30 11:06:12 com_github_MitjaNemec_Archive3DModels.archive_3d_models 34:Getting 3D models for footprint of: R22
11-30 11:06:12 com_github_MitjaNemec_Archive3DModels.archive_3d_models 45:Trying to copy: ${KICAD6_3DMODEL_DIR}/Resistor_SMD.3dshapes/R_0603_1608Metric.wrl
11-30 11:06:12 com_github_MitjaNemec_Archive3DModels.archive_3d_models 105:Remapping: ${KICAD6_3DMODEL_DIR}/Resistor_SMD.3dshapes/R_0603_1608Metric.wrl
11-30 11:06:12 com_github_MitjaNemec_Archive3DModels.archive_3d_models 34:Getting 3D models for footprint of: R19
11-30 11:06:12 com_github_MitjaNemec_Archive3DModels.archive_3d_models 45:Trying to copy: ${KICAD6_3DMODEL_DIR}/Resistor_SMD.3dshapes/R_0603_1608Metric.wrl
11-30 11:06:12 com_github_MitjaNemec_Archive3DModels.archive_3d_models 105:Remapping: ${KICAD6_3DMODEL_DIR}/Resistor_SMD.3dshapes/R_0603_1608Metric.wrl
11-30 11:06:12 com_github_MitjaNemec_Archive3DModels.archive_3d_models 34:Getting 3D models for footprint of: R6
11-30 11:06:12 com_github_MitjaNemec_Archive3DModels.archive_3d_models 45:Trying to copy: ${KICAD6_3DMODEL_DIR}/Resistor_SMD.3dshapes/R_0603_1608Metric.wrl
11-30 11:06:12 com_github_MitjaNemec_Archive3DModels.archive_3d_models 105:Remapping: ${KICAD6_3DMODEL_DIR}/Resistor_SMD.3dshapes/R_0603_1608Metric.wrl
11-30 11:06:12 com_github_MitjaNemec_Archive3DModels.archive_3d_models 34:Getting 3D models for footprint of: R25
11-30 11:06:12 com_github_MitjaNemec_Archive3DModels.archive_3d_models 45:Trying to copy: ${KICAD6_3DMODEL_DIR}/Resistor_SMD.3dshapes/R_0603_1608Metric.wrl
11-30 11:06:12 com_github_MitjaNemec_Archive3DModels.archive_3d_models 105:Remapping: ${KICAD6_3DMODEL_DIR}/Resistor_SMD.3dshapes/R_0603_1608Metric.wrl
11-30 11:06:12 com_github_MitjaNemec_Archive3DModels.archive_3d_models 34:Getting 3D models for footprint of: K1
11-30 11:06:12 com_github_MitjaNemec_Archive3DModels.archive_3d_models 45:Trying to copy: ${KICAD6_3DMODEL_DIR}/Relay_THT.3dshapes/Relay_SPDT_Omron-G5LE-1.wrl
11-30 11:06:12 com_github_MitjaNemec_Archive3DModels.archive_3d_models 101:Did not copy: ${KICAD6_3DMODEL_DIR}/Relay_THT.3dshapes/Relay_SPDT_Omron-G5LE-1.wrl
11-30 11:06:12 com_github_MitjaNemec_Archive3DModels.archive_3d_models 105:Remapping: ${KICAD6_3DMODEL_DIR}/Relay_THT.3dshapes/Relay_SPDT_Omron-G5LE-1.wrl
11-30 11:06:12 com_github_MitjaNemec_Archive3DModels.archive_3d_models 34:Getting 3D models for footprint of: R11
11-30 11:06:12 com_github_MitjaNemec_Archive3DModels.archive_3d_models 45:Trying to copy: ${KICAD6_3DMODEL_DIR}/Resistor_SMD.3dshapes/R_0603_1608Metric.wrl
11-30 11:06:12 com_github_MitjaNemec_Archive3DModels.archive_3d_models 105:Remapping: ${KICAD6_3DMODEL_DIR}/Resistor_SMD.3dshapes/R_0603_1608Metric.wrl
11-30 11:06:12 com_github_MitjaNemec_Archive3DModels.archive_3d_models 34:Getting 3D models for footprint of: F1
11-30 11:06:12 com_github_MitjaNemec_Archive3DModels.archive_3d_models 45:Trying to copy: ${KICAD6_3DMODEL_DIR}/Fuse.3dshapes/Fuse_1206_3216Metric.wrl
11-30 11:06:12 com_github_MitjaNemec_Archive3DModels.archive_3d_models 105:Remapping: ${KICAD6_3DMODEL_DIR}/Fuse.3dshapes/Fuse_1206_3216Metric.wrl
11-30 11:06:12 com_github_MitjaNemec_Archive3DModels.archive_3d_models 34:Getting 3D models for footprint of: R18
11-30 11:06:12 com_github_MitjaNemec_Archive3DModels.archive_3d_models 45:Trying to copy: ${KICAD6_3DMODEL_DIR}/Resistor_SMD.3dshapes/R_0603_1608Metric.wrl
11-30 11:06:12 com_github_MitjaNemec_Archive3DModels.archive_3d_models 105:Remapping: ${KICAD6_3DMODEL_DIR}/Resistor_SMD.3dshapes/R_0603_1608Metric.wrl
11-30 11:06:12 com_github_MitjaNemec_Archive3DModels.archive_3d_models 34:Getting 3D models for footprint of: C10
11-30 11:06:12 com_github_MitjaNemec_Archive3DModels.archive_3d_models 45:Trying to copy: ${KICAD6_3DMODEL_DIR}/Capacitor_SMD.3dshapes/C_0603_1608Metric.wrl
11-30 11:06:12 com_github_MitjaNemec_Archive3DModels.archive_3d_models 105:Remapping: ${KICAD6_3DMODEL_DIR}/Capacitor_SMD.3dshapes/C_0603_1608Metric.wrl
11-30 11:06:12 com_github_MitjaNemec_Archive3DModels.archive_3d_models 34:Getting 3D models for footprint of: J6
11-30 11:06:12 com_github_MitjaNemec_Archive3DModels.archive_3d_models 45:Trying to copy: ${KICAD6_3DMODEL_DIR}/Connector_Phoenix_MC.3dshapes/PhoenixContact_MC_1,5_2-G-3.81_1x02_P3.81mm_Horizontal.wrl
11-30 11:06:12 com_github_MitjaNemec_Archive3DModels.archive_3d_models 105:Remapping: ${KICAD6_3DMODEL_DIR}/Connector_Phoenix_MC.3dshapes/PhoenixContact_MC_1,5_2-G-3.81_1x02_P3.81mm_Horizontal.wrl
11-30 11:06:12 com_github_MitjaNemec_Archive3DModels.archive_3d_models 34:Getting 3D models for footprint of: R10
11-30 11:06:12 com_github_MitjaNemec_Archive3DModels.archive_3d_models 45:Trying to copy: ${KICAD6_3DMODEL_DIR}/Resistor_SMD.3dshapes/R_0603_1608Metric.wrl
11-30 11:06:12 com_github_MitjaNemec_Archive3DModels.archive_3d_models 105:Remapping: ${KICAD6_3DMODEL_DIR}/Resistor_SMD.3dshapes/R_0603_1608Metric.wrl
11-30 11:06:12 com_github_MitjaNemec_Archive3DModels.archive_3d_models 34:Getting 3D models for footprint of: C12
11-30 11:06:12 com_github_MitjaNemec_Archive3DModels.archive_3d_models 45:Trying to copy: ${KICAD6_3DMODEL_DIR}/Capacitor_SMD.3dshapes/C_0603_1608Metric.wrl
11-30 11:06:12 com_github_MitjaNemec_Archive3DModels.archive_3d_models 105:Remapping: ${KICAD6_3DMODEL_DIR}/Capacitor_SMD.3dshapes/C_0603_1608Metric.wrl
11-30 11:06:12 com_github_MitjaNemec_Archive3DModels.archive_3d_models 34:Getting 3D models for footprint of: C4
11-30 11:06:12 com_github_MitjaNemec_Archive3DModels.archive_3d_models 45:Trying to copy: ${KICAD6_3DMODEL_DIR}/Capacitor_SMD.3dshapes/CP_Elec_6.3x7.7.wrl
11-30 11:06:12 com_github_MitjaNemec_Archive3DModels.archive_3d_models 105:Remapping: ${KICAD6_3DMODEL_DIR}/Capacitor_SMD.3dshapes/CP_Elec_6.3x7.7.wrl
11-30 11:06:12 com_github_MitjaNemec_Archive3DModels.archive_3d_models 34:Getting 3D models for footprint of: R13
11-30 11:06:12 com_github_MitjaNemec_Archive3DModels.archive_3d_models 45:Trying to copy: ${KICAD6_3DMODEL_DIR}/Resistor_SMD.3dshapes/R_0603_1608Metric.wrl
11-30 11:06:12 com_github_MitjaNemec_Archive3DModels.archive_3d_models 105:Remapping: ${KICAD6_3DMODEL_DIR}/Resistor_SMD.3dshapes/R_0603_1608Metric.wrl
11-30 11:06:12 com_github_MitjaNemec_Archive3DModels.archive_3d_models 34:Getting 3D models for footprint of: D1
11-30 11:06:12 com_github_MitjaNemec_Archive3DModels.archive_3d_models 45:Trying to copy: ${KICAD6_3DMODEL_DIR}/LED_SMD.3dshapes/LED_1206_3216Metric.wrl
11-30 11:06:12 com_github_MitjaNemec_Archive3DModels.archive_3d_models 105:Remapping: ${KICAD6_3DMODEL_DIR}/LED_SMD.3dshapes/LED_1206_3216Metric.wrl
11-30 11:06:12 com_github_MitjaNemec_Archive3DModels.archive_3d_models 34:Getting 3D models for footprint of: U4
11-30 11:06:12 com_github_MitjaNemec_Archive3DModels.archive_3d_models 34:Getting 3D models for footprint of: J5
11-30 11:06:12 com_github_MitjaNemec_Archive3DModels.archive_3d_models 45:Trying to copy: ${KICAD6_3DMODEL_DIR}/Connector_JST.3dshapes/JST_EH_B13B-EH-A_1x13_P2.50mm_Vertical.wrl
11-30 11:06:12 com_github_MitjaNemec_Archive3DModels.archive_3d_models 105:Remapping: ${KICAD6_3DMODEL_DIR}/Connector_JST.3dshapes/JST_EH_B13B-EH-A_1x13_P2.50mm_Vertical.wrl
11-30 11:06:12 com_github_MitjaNemec_Archive3DModels.archive_3d_models 116:Did not succeed to copy 3D models!
('K1', '${KICAD6_3DMODEL_DIR}\\Relay_THT.3dshapes\\Relay_SPDT_Omron-G5LE-1.wrl')
